0 info it worked if it ends with ok
1 verbose cli [ 'C:\\Program Files (x86)\\nodejs\\\\node.exe',
1 verbose cli   'C:\\Program Files (x86)\\nodejs\\node_modules\\npm\\bin\\npm-cli.js',
1 verbose cli   'shrinkwrap' ]
2 info using npm@2.10.1
3 info using node@v0.12.4
4 verbose stack Error: Problems were encountered
4 verbose stack Please correct and try again.
4 verbose stack extraneous: uuid@2.0.1 E:\WebStorm 10.0.4\workspaces\mock-api\node_modules\uuid
4 verbose stack extraneous: sync@0.2.5 E:\WebStorm 10.0.4\workspaces\mock-api\node_modules\sync
4 verbose stack extraneous: mockjs@0.1.10 E:\WebStorm 10.0.4\workspaces\mock-api\node_modules\mockjs
4 verbose stack extraneous: log4js@0.6.26 E:\WebStorm 10.0.4\workspaces\mock-api\node_modules\log4js
4 verbose stack extraneous: mysql@2.8.0 E:\WebStorm 10.0.4\workspaces\mock-api\node_modules\mysql
4 verbose stack extraneous: multiparty@4.1.2 E:\WebStorm 10.0.4\workspaces\mock-api\node_modules\multiparty
4 verbose stack extraneous: express-session@1.11.3 E:\WebStorm 10.0.4\workspaces\mock-api\node_modules\express-session
4 verbose stack extraneous: markdown-it@4.4.0 E:\WebStorm 10.0.4\workspaces\mock-api\node_modules\markdown-it
4 verbose stack extraneous: sequelize@3.5.1 E:\WebStorm 10.0.4\workspaces\mock-api\node_modules\sequelize
4 verbose stack extraneous: showdown@1.3.0 E:\WebStorm 10.0.4\workspaces\mock-api\node_modules\showdown
4 verbose stack     at shrinkwrap_ (C:\Program Files (x86)\nodejs\node_modules\npm\lib\shrinkwrap.js:37:15)
4 verbose stack     at C:\Program Files (x86)\nodejs\node_modules\npm\lib\shrinkwrap.js:31:5
4 verbose stack     at C:\Program Files (x86)\nodejs\node_modules\npm\lib\ls.js:47:30
4 verbose stack     at C:\Program Files (x86)\nodejs\node_modules\npm\node_modules\read-installed\read-installed.js:138:5
4 verbose stack     at C:\Program Files (x86)\nodejs\node_modules\npm\node_modules\read-installed\read-installed.js:251:14
4 verbose stack     at cb (C:\Program Files (x86)\nodejs\node_modules\npm\node_modules\slide\lib\async-map.js:47:24)
4 verbose stack     at C:\Program Files (x86)\nodejs\node_modules\npm\node_modules\read-installed\read-installed.js:251:14
4 verbose stack     at cb (C:\Program Files (x86)\nodejs\node_modules\npm\node_modules\slide\lib\async-map.js:47:24)
4 verbose stack     at C:\Program Files (x86)\nodejs\node_modules\npm\node_modules\read-installed\read-installed.js:251:14
4 verbose stack     at cb (C:\Program Files (x86)\nodejs\node_modules\npm\node_modules\slide\lib\async-map.js:47:24)
5 verbose cwd E:\WebStorm 10.0.4\workspaces\mock-api
6 error Windows_NT 6.3.9600
7 error argv "C:\\Program Files (x86)\\nodejs\\\\node.exe" "C:\\Program Files (x86)\\nodejs\\node_modules\\npm\\bin\\npm-cli.js" "shrinkwrap"
8 error node v0.12.4
9 error npm  v2.10.1
10 error Problems were encountered
10 error Please correct and try again.
10 error extraneous: uuid@2.0.1 E:\WebStorm 10.0.4\workspaces\mock-api\node_modules\uuid
10 error extraneous: sync@0.2.5 E:\WebStorm 10.0.4\workspaces\mock-api\node_modules\sync
10 error extraneous: mockjs@0.1.10 E:\WebStorm 10.0.4\workspaces\mock-api\node_modules\mockjs
10 error extraneous: log4js@0.6.26 E:\WebStorm 10.0.4\workspaces\mock-api\node_modules\log4js
10 error extraneous: mysql@2.8.0 E:\WebStorm 10.0.4\workspaces\mock-api\node_modules\mysql
10 error extraneous: multiparty@4.1.2 E:\WebStorm 10.0.4\workspaces\mock-api\node_modules\multiparty
10 error extraneous: express-session@1.11.3 E:\WebStorm 10.0.4\workspaces\mock-api\node_modules\express-session
10 error extraneous: markdown-it@4.4.0 E:\WebStorm 10.0.4\workspaces\mock-api\node_modules\markdown-it
10 error extraneous: sequelize@3.5.1 E:\WebStorm 10.0.4\workspaces\mock-api\node_modules\sequelize
10 error extraneous: showdown@1.3.0 E:\WebStorm 10.0.4\workspaces\mock-api\node_modules\showdown
11 error If you need help, you may report this error at:
11 error     <https://github.com/npm/npm/issues>
12 verbose exit [ 1, true ]
